
> xorr-eErc-avax@0.1.0 build
> next build

   ▲ Next.js 15.2.8
   - Environments: .env.local

   Creating an optimized production build ...
 ⚠ Compiled with warnings

./node_modules/web-worker/cjs/node.js
Critical dependency: the request of a dependency is an expression

Import trace for requested module:
./node_modules/web-worker/cjs/node.js
./node_modules/snarkjs/node_modules/ffjavascript/src/threadman.js
./node_modules/snarkjs/node_modules/ffjavascript/src/engine.js
./node_modules/snarkjs/node_modules/ffjavascript/src/bls12381.js
./node_modules/snarkjs/node_modules/ffjavascript/main.js
./node_modules/snarkjs/src/curves.js
./node_modules/snarkjs/main.js
./node_modules/@avalabs/ac-eerc-sdk/dist/index.js
./components/stellar-wallet-provider.tsx
./app/page.tsx

   Skipping validation of types
   Skipping linting
   Collecting page data ...
   Generating static pages (0/18) ...
   Generating static pages (4/18) 
   Generating static pages (8/18) 
   Generating static pages (13/18) 
 ✓ Generating static pages (18/18)
   Finalizing page optimization ...
   Collecting build traces ...

Route (app)                                 Size  First Load JS
┌ ○ /                                    15.3 kB        1.33 MB
├ ○ /_not-found                            990 B         103 kB
├ ○ /bridge                                158 B         102 kB
├ ○ /claim                               1.75 kB         143 kB
├ ○ /compliance                          4.79 kB        1.31 MB
├ ○ /deposit                               158 B         102 kB
├ ○ /explore                             1.66 kB         143 kB
├ ○ /faucet                              3.51 kB        1.31 MB
├ ○ /manifest.webmanifest                  158 B         102 kB
├ ○ /offramp                              1.7 kB         143 kB
├ ○ /profile                             3.85 kB        1.31 MB
├ ○ /receive                               158 B         102 kB
├ ○ /robots.txt                            158 B         102 kB
├ ○ /send                                  158 B         102 kB
├ ○ /solvency                            1.69 kB         143 kB
└ ○ /withdraw                            1.05 kB        1.31 MB
+ First Load JS shared by all             102 kB
  ├ chunks/1684-52c42ccc15ee3821.js      45.6 kB
  ├ chunks/4bd1b696-0ef4379eaee075c7.js  53.3 kB
  └ other shared chunks (total)          3.23 kB


○  (Static)  prerendered as static content

